2026-04-15 19:28:24,800 - auth_logger - INFO - Login attempt for user: 1234@1234
2026-04-15 19:28:25,399 - auth_logger - INFO - Login Successfully
2026-04-15 19:28:44,996 - auth_logger - INFO - User profile accessed: 1234@1234
2026-04-15 19:28:45,005 - auth_logger - INFO - User profile accessed: 1234@1234
2026-04-15 19:28:50,717 - auth_logger - INFO - Account DELETED: 1234@1234
2026-04-15 19:43:47,299 - auth_logger - INFO - Login attempt for user: 123@123
2026-04-15 19:43:47,913 - auth_logger - INFO - Login Successfully
2026-04-15 19:44:18,209 - auth_logger - INFO - User profile accessed: 123@123
2026-04-15 19:44:18,327 - auth_logger - INFO - User profile accessed: 123@123
2026-04-15 19:44:43,897 - auth_logger - INFO - User profile accessed: 123@123
2026-04-15 19:44:45,782 - auth_logger - INFO - User profile accessed: 123@123
2026-04-15 21:13:05,767 - auth_logger - INFO - Login attempt for user: 1234@1234
2026-04-15 21:13:28,931 - auth_logger - INFO - User created successfully: 1234@1234
2026-04-15 21:14:05,533 - auth_logger - INFO - Login attempt for user: 1234@1234
2026-04-15 21:14:06,708 - auth_logger - INFO - Login Successfully
2026-04-15 21:14:35,032 - auth_logger - INFO - User profile accessed: 1234@1234
2026-04-15 21:14:35,040 - auth_logger - INFO - User profile accessed: 1234@1234
2026-04-15 21:14:56,811 - auth_logger - INFO - Account DELETED: 1234@1234
2026-04-15 21:15:28,103 - auth_logger - INFO - Login attempt for user: 123@123
2026-04-15 21:15:29,098 - auth_logger - INFO - Login Successfully
2026-04-15 23:53:58,073 - auth_logger - INFO - Login attempt for user: 123@123
2026-04-15 23:54:03,526 - auth_logger - INFO - Login attempt for user: 123@123
2026-04-15 23:54:07,642 - auth_logger - INFO - Login attempt for user: 123@123
2026-04-15 23:54:07,993 - auth_logger - INFO - Login Successfully
2026-04-15 23:54:13,409 - auth_logger - INFO - User profile accessed: 123@123
2026-04-15 23:54:13,411 - auth_logger - INFO - User profile accessed: 123@123
2026-04-15 23:54:19,274 - auth_logger - INFO - Password changed successfully for user: 123@123
2026-04-15 23:54:27,776 - auth_logger - INFO - Login attempt for user: 123@123
2026-04-15 23:54:28,125 - auth_logger - INFO - Login Successfully
2026-04-15 23:54:51,181 - auth_logger - INFO - User profile accessed: 123@123
2026-04-15 23:54:51,196 - auth_logger - INFO - User profile accessed: 123@123
2026-04-15 23:55:03,274 - auth_logger - INFO - User profile accessed: 123@123
2026-04-15 23:55:03,289 - auth_logger - INFO - User profile accessed: 123@123
